<?xml version="1.0" encoding="UTF-8"?>
<testsuite xmlns:xsi="http://www.w3.org/2001/XMLSchema-instance" xsi:noNamespaceSchemaLocation="https://maven.apache.org/surefire/maven-surefire-plugin/xsd/surefire-test-report.xsd" name="com.company.sec13f.parser.integration.Complete13FProcessingTest" time="0.355" tests="1" errors="0" skipped="0" failures="0">
  <properties>
[...]
</properties>
  <testcase name="testComplete13FProcessingWithRealData" classname="com.company.sec13f.parser.integration.Complete13FProcessingTest" time="0.353"/>
</testsuite>